  프로그래머스 n진수게임.cpp
  프로그래머스 뉴스클리어링.cpp
  프로그래머스 다트게임.cpp
  프로그래머스 비밀지도.cpp
  프로그래머스 셔틀버스.cpp
  프로그래머스 추석트래픽.cpp
  프로그래머스 캐시.cpp
  프로그래머스 프렌즈블록.cpp
  프로그래머스 실패율.cpp
  프로그래머스 가장큰수.cpp
C:\Users\jtm06\source\repos\AlgorithmStudying\AlgorithmStudying\프로그래머스 셔틀버스.cpp(23,21): warning C4018:  '<': signed 또는 unsigned가 일치하지 않습니다.
C:\Users\jtm06\source\repos\AlgorithmStudying\AlgorithmStudying\프로그래머스 가장큰수.cpp(19,20): warning C4018:  '<': signed 또는 unsigned가 일치하지 않습니다.
  프로그래머스 괄호변환.cpp
  프로그래머스 기능개발.cpp
C:\Users\jtm06\source\repos\AlgorithmStudying\AlgorithmStudying\프로그래머스 가장큰수.cpp(21,20): warning C4018:  '<': signed 또는 unsigned가 일치하지 않습니다.
C:\Users\jtm06\source\repos\AlgorithmStudying\AlgorithmStudying\프로그래머스 기능개발.cpp(13,21): warning C4018:  '<': signed 또는 unsigned가 일치하지 않습니다.
  프로그래머스 다리를지나는 트럭.cpp
  프로그래머스 더맵게.cpp
C:\Users\jtm06\source\repos\AlgorithmStudying\AlgorithmStudying\프로그래머스 기능개발.cpp(18,21): warning C4018:  '<': signed 또는 unsigned가 일치하지 않습니다.
  프로그래머스 문자열압축.cpp
  프로그래머스 숫자의표현.cpp
  프로그래머스 스킬트리.cpp
C:\Users\jtm06\source\repos\AlgorithmStudying\AlgorithmStudying\프로그래머스 더맵게.cpp(14,20): warning C4018:  '<': signed 또는 unsigned가 일치하지 않습니다.
C:\Users\jtm06\source\repos\AlgorithmStudying\AlgorithmStudying\프로그래머스 스킬트리.cpp(10,20): warning C4018:  '<': signed 또는 unsigned가 일치하지 않습니다.
C:\Users\jtm06\source\repos\AlgorithmStudying\AlgorithmStudying\프로그래머스 스킬트리.cpp(18,20): warning C4018:  '<': signed 또는 unsigned가 일치하지 않습니다.
  프로그래머스 오픈채팅.cpp
  프로그래머스 위장.cpp
  프로그래머스 전화번호목록.cpp
C:\Users\jtm06\source\repos\AlgorithmStudying\AlgorithmStudying\프로그래머스 스킬트리.cpp(20,17): warning C4018:  '<': signed 또는 unsigned가 일치하지 않습니다.
C:\Users\jtm06\source\repos\AlgorithmStudying\AlgorithmStudying\프로그래머스 전화번호목록.cpp(13,20): warning C4018:  '<': signed 또는 unsigned가 일치하지 않습니다.
  코드를 생성하고 있습니다...
  컴파일하고 있습니다...
  프로그래머스 주식가격.cpp
C:\Users\jtm06\source\repos\AlgorithmStudying\AlgorithmStudying\프로그래머스 전화번호목록.cpp(15,21): warning C4018:  '<': signed 또는 unsigned가 일치하지 않습니다.
C:\Users\jtm06\source\repos\AlgorithmStudying\AlgorithmStudying\프로그래머스 주식가격.cpp(10,20): warning C4018:  '<': signed 또는 unsigned가 일치하지 않습니다.
  프로그래머스 폰켓몬.cpp
  프로그래머스 프린터.cpp
  프로그래머스 피보나치수.cpp
  코드를 생성하고 있습니다...
C:\Users\jtm06\source\repos\AlgorithmStudying\AlgorithmStudying\프로그래머스 주식가격.cpp(12,25): warning C4018:  '<': signed 또는 unsigned가 일치하지 않습니다.
C:\Users\jtm06\source\repos\AlgorithmStudying\AlgorithmStudying\프로그래머스 주식가격.cpp(12,25): warning C4018: 최대공약수,최소공배수.cpp
  AlgorithmStudying.vcxproj -> C:\Users\jtm06\source\repos\AlgorithmStudying\Debug\AlgorithmStudying.exe
